Unity Editor version:    2021.3.2f1 (d6360bedb9a0)
Branch:                  2021.3/staging
Build type:              Release
Batch mode:              YES
macOS version:           Version 12.5.1 (Build 21G83)
Darwin version:          21.6.0
Architecture:            x86_64
Running under Rosetta:   YES
Available memory:        8192 MB
Using pre-set license
Pro License: YES

COMMAND LINE ARGUMENTS:
/Applications/Unity/Hub/Editor/2021.3.2f1/Unity.app/Contents/MacOS/Unity
-adb2
-batchMode
-noUpm
-name
AssetImportWorker0
-projectPath
/Users/mariasmirnova/Desktop/MARIA/GameJam/Cliche
-logFile
Logs/AssetImportWorker0.log
-srvPort
58391
Successfully changed project path to: /Users/mariasmirnova/Desktop/MARIA/GameJam/Cliche
/Users/mariasmirnova/Desktop/MARIA/GameJam/Cliche
[UnityMemory] Configuration Parameters - Can be set up in boot.config
    "memorysetup-bucket-allocator-granularity=16"
    "memorysetup-bucket-allocator-bucket-count=8"
    "memorysetup-bucket-allocator-block-size=33554432"
    "memorysetup-bucket-allocator-block-count=8"
    "memorysetup-main-allocator-block-size=16777216"
    "memorysetup-thread-allocator-block-size=16777216"
    "memorysetup-gfx-main-allocator-block-size=16777216"
    "memorysetup-gfx-thread-allocator-block-size=16777216"
    "memorysetup-cache-allocator-block-size=4194304"
    "memorysetup-typetree-allocator-block-size=2097152"
    "memorysetup-profiler-bucket-allocator-granularity=16"
    "memorysetup-profiler-bucket-allocator-bucket-count=8"
    "memorysetup-profiler-bucket-allocator-block-size=33554432"
    "memorysetup-profiler-bucket-allocator-block-count=8"
    "memorysetup-profiler-allocator-block-size=16777216"
    "memorysetup-profiler-editor-allocator-block-size=1048576"
    "memorysetup-temp-allocator-size-main=16777216"
    "memorysetup-job-temp-allocator-block-size=2097152"
    "memorysetup-job-temp-allocator-block-size-background=1048576"
    "memorysetup-job-temp-allocator-reduction-small-platforms=262144"
    "memorysetup-temp-allocator-size-background-worker=32768"
    "memorysetup-temp-allocator-size-job-worker=262144"
    "memorysetup-temp-allocator-size-preload-manager=33554432"
    "memorysetup-temp-allocator-size-nav-mesh-worker=65536"
    "memorysetup-temp-allocator-size-audio-worker=65536"
    "memorysetup-temp-allocator-size-cloud-worker=32768"
    "memorysetup-temp-allocator-size-gi-baking-worker=262144"
    "memorysetup-temp-allocator-size-gfx=262144"
Refreshing native plugins compatible for Editor in 139.88 ms, found 2 plugins.
Preloading 0 native plugins for Editor in 0.00 ms.
Initialize engine version: 2021.3.2f1 (d6360bedb9a0)
[Subsystems] Discovering subsystems at path /Applications/Unity/Hub/Editor/2021.3.2f1/Unity.app/Contents/Resources/UnitySubsystems
[Subsystems] Discovering subsystems at path /Users/mariasmirnova/Desktop/MARIA/GameJam/Cliche/Assets
GfxDevice: creating device client; threaded=0; jobified=0
 preferred device: Apple M1 (high power)
Metal devices available: 1
0: Apple M1 (high power)
Using device Apple M1 (high power)
Initializing Metal device caps: Apple M1
Initialize mono
Mono path[0] = '/Applications/Unity/Hub/Editor/2021.3.2f1/Unity.app/Contents/Managed'
Mono path[1] = '/Applications/Unity/Hub/Editor/2021.3.2f1/Unity.app/Contents/MonoBleedingEdge/lib/mono/unityjit-macos'
Mono config path = '/Applications/Unity/Hub/Editor/2021.3.2f1/Unity.app/Contents/MonoBleedingEdge/etc'
Using monoOptions --debugger-agent=transport=dt_socket,embedding=1,server=y,suspend=n,address=127.0.0.1:56810
Begin MonoManager ReloadAssembly
Registering precompiled unity dll's ...
Register platform support module: /Applications/Unity/Hub/Editor/2021.3.2f1/Unity.app/Contents/PlaybackEngines/MacStandaloneSupport/UnityEditor.OSXStandalone.Extensions.dll
Register platform support module: /Applications/Unity/Hub/Editor/2021.3.2f1/PlaybackEngines/AndroidPlayer/UnityEditor.Android.Extensions.dll
Register platform support module: /Applications/Unity/Hub/Editor/2021.3.2f1/PlaybackEngines/iOSSupport/UnityEditor.iOS.Extensions.dll
Registered in 0.001623 seconds.
[usbmuxd] Start listen thread
[usbmuxd] Listen thread started
[usbmuxd] Send listen message
Native extension for iOS target not found
Native extension for Android target not found
Native extension for OSXStandalone target not found
Refreshing native plugins compatible for Editor in 127.05 ms, found 2 plugins.
Preloading 0 native plugins for Editor in 0.00 ms.
Mono: successfully reloaded assembly
- Completed reload, in  2.082 seconds
Domain Reload Profiling:
	ReloadAssembly (2085ms)
		BeginReloadAssembly (200ms)
			ExecutionOrderSort (0ms)
			DisableScriptedObjects (0ms)
			BackupInstance (0ms)
			ReleaseScriptingObjects (0ms)
			CreateAndSetChildDomain (3ms)
		EndReloadAssembly (1588ms)
			LoadAssemblies (199ms)
			RebuildTransferFunctionScriptingTraits (1ms)
			SetupTypeCache (148ms)
			ReleaseScriptCaches (0ms)
			RebuildScriptCaches (38ms)
			SetupLoadedEditorAssemblies (1202ms)
				LogAssemblyErrors (0ms)
				InitializePlatformSupportModulesInManaged (302ms)
				SetLoadedEditorAssemblies (1ms)
				RefreshPlugins (127ms)
				BeforeProcessingInitializeOnLoad (7ms)
				ProcessInitializeOnLoadAttributes (458ms)
				ProcessInitializeOnLoadMethodAttributes (303ms)
				AfterProcessingInitializeOnLoad (0ms)
				EditorAssembliesLoaded (3ms)
			ExecutionOrderSort2 (0ms)
			AwakeInstancesAfterBackupRestoration (0ms)
Platform modules already initialized, skipping
Registering precompiled user dll's ...
Registered in 0.002523 seconds.
Begin MonoManager ReloadAssembly
Symbol file LoadedFromMemory doesn't match image /Users/mariasmirnova/Desktop/MARIA/GameJam/Cliche/Library/PackageCache/com.unity.visualscripting@1.7.6/Editor/VisualScripting.Core/Dependencies/YamlDotNet/Unity.VisualScripting.YamlDotNet.dll
Symbol file LoadedFromMemory doesn't match image /Users/mariasmirnova/Desktop/MARIA/GameJam/Cliche/Library/PackageCache/com.unity.visualscripting@1.7.6/Editor/VisualScripting.Core/Dependencies/DotNetZip/Unity.VisualScripting.IonicZip.dll
Native extension for iOS target not found
Native extension for Android target not found
Native extension for OSXStandalone target not found
Refreshing native plugins compatible for Editor in 0.77 ms, found 2 plugins.
Preloading 0 native plugins for Editor in 0.00 ms.
Mono: successfully reloaded assembly
- Completed reload, in  3.184 seconds
Domain Reload Profiling:
	ReloadAssembly (3188ms)
		BeginReloadAssembly (486ms)
			ExecutionOrderSort (0ms)
			DisableScriptedObjects (100ms)
			BackupInstance (0ms)
			ReleaseScriptingObjects (0ms)
			CreateAndSetChildDomain (167ms)
		EndReloadAssembly (2321ms)
			LoadAssemblies (171ms)
			RebuildTransferFunctionScriptingTraits (0ms)
			SetupTypeCache (352ms)
			ReleaseScriptCaches (4ms)
			RebuildScriptCaches (62ms)
			SetupLoadedEditorAssemblies (1517ms)
				LogAssemblyErrors (0ms)
				InitializePlatformSupportModulesInManaged (101ms)
				SetLoadedEditorAssemblies (2ms)
				RefreshPlugins (1ms)
				BeforeProcessingInitializeOnLoad (159ms)
				ProcessInitializeOnLoadAttributes (1116ms)
				ProcessInitializeOnLoadMethodAttributes (137ms)
				AfterProcessingInitializeOnLoad (1ms)
				EditorAssembliesLoaded (1ms)
			ExecutionOrderSort2 (0ms)
			AwakeInstancesAfterBackupRestoration (12ms)
Platform modules already initialized, skipping
========================================================================
Worker process is ready to serve import requests
Launching external process: /Applications/Unity/Hub/Editor/2021.3.2f1/Unity.app/Contents/Tools/UnityShaderCompiler
Launched and connected shader compiler UnityShaderCompiler after 0.11 seconds
Refreshing native plugins compatible for Editor in 0.52 ms, found 2 plugins.
Preloading 0 native plugins for Editor in 0.00 ms.
Unloading 3389 Unused Serialized files (Serialized files now loaded: 0)
Unloading 25 unused Assets / (72.9 KB). Loaded Objects now: 3871.
Memory consumption went from 253.7 MB to 253.7 MB.
Total: 3.915167 ms (FindLiveObjects: 0.234542 ms CreateObjectMapping: 0.081459 ms MarkObjects: 3.425584 ms  DeleteObjects: 0.172209 ms)

AssetImportParameters requested are different than current active one (requested -> active):
  custom:video-decoder-ogg-theora: a1e56fd34408186e4bbccfd4996cb3dc -> 
  custom:container-muxer-webm: aa71ff27fc2769a1b78a27578f13a17b -> 
  custom:container-demuxer-webm: 4f35f7cbe854078d1ac9338744f61a02 -> 
  custom:video-encoder-webm-vp8: eb34c28f22e8b96e1ab97ce403110664 -> 
  custom:framework-osx-AVFoundation: e770b220cccbd017edd2c1fefb359320 -> 
  custom:audio-encoder-webm-vorbis: bf7c407c2cedff20999df2af8eb42d56 -> 
  custom:container-demuxer-ogg: 62fdf1f143b41e24485cea50d1cbac27 -> 
  custom:video-decoder-webm-vp8: 9c59270c3fd7afecdb556c50c9e8de78 -> 
  custom:audio-decoder-ogg-vorbis: bf7c407c2cedff20999df2af8eb42d56 -> 
========================================================================
Received Import Request.
  Time since last request: 106334.381334 seconds.
  path: Assets/Animations/Jessica.fbx
  artifactKey: Guid(a6a2ae1eaa715455cb601804c69252f2) Importer(815301076,1909f56bfc062723c751e8b465ee728b)
Start importing Assets/Animations/Jessica.fbx using Guid(a6a2ae1eaa715455cb601804c69252f2) Importer(815301076,1909f56bfc062723c751e8b465ee728b)  -> (artifact id: 'b40942d3f30f73888bca650b54addb69') in 0.719902 seconds 
========================================================================
Received Import Request.
  Time since last request: 9.604073 seconds.
  path: Assets/Animations/Jessica.fbx
  artifactKey: Guid(a6a2ae1eaa715455cb601804c69252f2) Importer(815301076,1909f56bfc062723c751e8b465ee728b)
Start importing Assets/Animations/Jessica.fbx using Guid(a6a2ae1eaa715455cb601804c69252f2) Importer(815301076,1909f56bfc062723c751e8b465ee728b)  -> (artifact id: 'b1bf02877d3a11b0bd6a75f31882856b') in 0.187084 seconds 
========================================================================
Received Import Request.
  Time since last request: 2.333038 seconds.
  path: Assets/Animations/BlondController.controller
  artifactKey: Guid(b05262fa08e944b3e86ad314ece1e3e5) Importer(815301076,1909f56bfc062723c751e8b465ee728b)
Start importing Assets/Animations/BlondController.controller using Guid(b05262fa08e944b3e86ad314ece1e3e5) Importer(815301076,1909f56bfc062723c751e8b465ee728b)  -> (artifact id: 'd314d7517641dcd462d55bf37a61dfd4') in 0.092405 seconds 
========================================================================
Received Import Request.
  Time since last request: 138.708854 seconds.
  path: Assets/Prefabs/Jessica@Slow Run.prefab
  artifactKey: Guid(d1e5053de75f047b6843eed872698887) Importer(815301076,1909f56bfc062723c751e8b465ee728b)
Start importing Assets/Prefabs/Jessica@Slow Run.prefab using Guid(d1e5053de75f047b6843eed872698887) Importer(815301076,1909f56bfc062723c751e8b465ee728b) Tried select unknown importer for id '-2' '00000000000000000000000000000000'
 -> (artifact id: '35f42e5d575ab6836b125aa5cbce2cc1') in 0.692697 seconds 
========================================================================
Received Import Request.
  Time since last request: 93.034672 seconds.
  path: Assets/Prefabs/Jessica@Slow Run.prefab
  artifactKey: Guid(d1e5053de75f047b6843eed872698887) Importer(815301076,1909f56bfc062723c751e8b465ee728b)
Start importing Assets/Prefabs/Jessica@Slow Run.prefab using Guid(d1e5053de75f047b6843eed872698887) Importer(815301076,1909f56bfc062723c751e8b465ee728b) Tried select unknown importer for id '-2' '00000000000000000000000000000000'
 -> (artifact id: 'b0334c7b09304c1e526b697341222701') in 0.121781 seconds 
========================================================================
Received Import Request.
  Time since last request: 37.646306 seconds.
  path: Assets/Prefabs/Jessica.prefab
  artifactKey: Guid(14d7ed430fd824cb19e20059c03f5e13) Importer(815301076,1909f56bfc062723c751e8b465ee728b)
Start importing Assets/Prefabs/Jessica.prefab using Guid(14d7ed430fd824cb19e20059c03f5e13) Importer(815301076,1909f56bfc062723c751e8b465ee728b)  -> (artifact id: 'b3646ad07d68a300fc3cc65f7cf083af') in 0.067763 seconds 
========================================================================
Received Import Request.
  Time since last request: 15.773008 seconds.
  path: Assets/Prefabs/Jessica.prefab
  artifactKey: Guid(14d7ed430fd824cb19e20059c03f5e13) Importer(815301076,1909f56bfc062723c751e8b465ee728b)
Start importing Assets/Prefabs/Jessica.prefab using Guid(14d7ed430fd824cb19e20059c03f5e13) Importer(815301076,1909f56bfc062723c751e8b465ee728b)  -> (artifact id: '158febd72821605a946a60511e2af754') in 0.108404 seconds 
========================================================================
Received Import Request.
  Time since last request: 7.383263 seconds.
  path: Assets/Prefabs/Jessica.prefab
  artifactKey: Guid(14d7ed430fd824cb19e20059c03f5e13) Importer(815301076,1909f56bfc062723c751e8b465ee728b)
Start importing Assets/Prefabs/Jessica.prefab using Guid(14d7ed430fd824cb19e20059c03f5e13) Importer(815301076,1909f56bfc062723c751e8b465ee728b)  -> (artifact id: '582be320ea6371d543b2729ffa3f66f9') in 0.117903 seconds 
========================================================================
Received Import Request.
  Time since last request: 3.956403 seconds.
  path: Assets/Prefabs/Jessica.prefab
  artifactKey: Guid(14d7ed430fd824cb19e20059c03f5e13) Importer(815301076,1909f56bfc062723c751e8b465ee728b)
Start importing Assets/Prefabs/Jessica.prefab using Guid(14d7ed430fd824cb19e20059c03f5e13) Importer(815301076,1909f56bfc062723c751e8b465ee728b)  -> (artifact id: '2028cf5b771c682c4566accae91e3abc') in 0.084912 seconds 
========================================================================
Received Import Request.
  Time since last request: 9.834187 seconds.
  path: Assets/Prefabs/Sarah.prefab
  artifactKey: Guid(f0ed38d8c43a04d25aca69504338764d) Importer(815301076,1909f56bfc062723c751e8b465ee728b)
Start importing Assets/Prefabs/Sarah.prefab using Guid(f0ed38d8c43a04d25aca69504338764d) Importer(815301076,1909f56bfc062723c751e8b465ee728b)  -> (artifact id: 'fab153320932eac71082388597e7222a') in 0.057287 seconds 
========================================================================
Received Import Request.
  Time since last request: 3.290575 seconds.
  path: Assets/Prefabs/SmartSarah@Slow Run.prefab
  artifactKey: Guid(b7bf01ecf6aea49a5ac23ea68f8dcb16) Importer(815301076,1909f56bfc062723c751e8b465ee728b)
Start importing Assets/Prefabs/SmartSarah@Slow Run.prefab using Guid(b7bf01ecf6aea49a5ac23ea68f8dcb16) Importer(815301076,1909f56bfc062723c751e8b465ee728b) Tried select unknown importer for id '-2' '00000000000000000000000000000000'
 -> (artifact id: '8a75e5ebc52351e22187124884c2697e') in 0.104396 seconds 
========================================================================
Received Import Request.
  Time since last request: 4.626898 seconds.
  path: Assets/Prefabs/SmartSarah@Slow Run.prefab
  artifactKey: Guid(b7bf01ecf6aea49a5ac23ea68f8dcb16) Importer(815301076,1909f56bfc062723c751e8b465ee728b)
Start importing Assets/Prefabs/SmartSarah@Slow Run.prefab using Guid(b7bf01ecf6aea49a5ac23ea68f8dcb16) Importer(815301076,1909f56bfc062723c751e8b465ee728b) Tried select unknown importer for id '-2' '00000000000000000000000000000000'
 -> (artifact id: '06dbfb93809c88e9e514991a3e36c83e') in 0.133875 seconds 
========================================================================
Received Prepare
Registering precompiled user dll's ...
Registered in 0.001708 seconds.
Begin MonoManager ReloadAssembly
Symbol file LoadedFromMemory doesn't match image /Users/mariasmirnova/Desktop/MARIA/GameJam/Cliche/Library/PackageCache/com.unity.visualscripting@1.7.6/Editor/VisualScripting.Core/Dependencies/YamlDotNet/Unity.VisualScripting.YamlDotNet.dll
Symbol file LoadedFromMemory doesn't match image /Users/mariasmirnova/Desktop/MARIA/GameJam/Cliche/Library/PackageCache/com.unity.visualscripting@1.7.6/Editor/VisualScripting.Core/Dependencies/DotNetZip/Unity.VisualScripting.IonicZip.dll
Native extension for iOS target not found
Native extension for Android target not found
Native extension for OSXStandalone target not found
Refreshing native plugins compatible for Editor in 0.86 ms, found 2 plugins.
Preloading 0 native plugins for Editor in 0.00 ms.
Mono: successfully reloaded assembly
- Completed reload, in  3.671 seconds
Domain Reload Profiling:
	ReloadAssembly (3673ms)
		BeginReloadAssembly (728ms)
			ExecutionOrderSort (0ms)
			DisableScriptedObjects (100ms)
			BackupInstance (0ms)
			ReleaseScriptingObjects (0ms)
			CreateAndSetChildDomain (197ms)
		EndReloadAssembly (2635ms)
			LoadAssemblies (287ms)
			RebuildTransferFunctionScriptingTraits (0ms)
			SetupTypeCache (398ms)
			ReleaseScriptCaches (1ms)
			RebuildScriptCaches (53ms)
			SetupLoadedEditorAssemblies (1677ms)
				LogAssemblyErrors (0ms)
				InitializePlatformSupportModulesInManaged (134ms)
				SetLoadedEditorAssemblies (1ms)
				RefreshPlugins (1ms)
				BeforeProcessingInitializeOnLoad (156ms)
				ProcessInitializeOnLoadAttributes (1231ms)
				ProcessInitializeOnLoadMethodAttributes (149ms)
				AfterProcessingInitializeOnLoad (2ms)
				EditorAssembliesLoaded (1ms)
			ExecutionOrderSort2 (0ms)
			AwakeInstancesAfterBackupRestoration (23ms)
Platform modules already initialized, skipping
Refreshing native plugins compatible for Editor in 1.74 ms, found 2 plugins.
Preloading 0 native plugins for Editor in 0.00 ms.
Unloading 3384 Unused Serialized files (Serialized files now loaded: 0)
Unloading 21 unused Assets / (74.1 KB). Loaded Objects now: 3922.
Memory consumption went from 284.3 MB to 284.2 MB.
Total: 4.238333 ms (FindLiveObjects: 0.516250 ms CreateObjectMapping: 0.142042 ms MarkObjects: 3.457250 ms  DeleteObjects: 0.121541 ms)

AssetImportParameters requested are different than current active one (requested -> active):
  custom:video-decoder-ogg-theora: a1e56fd34408186e4bbccfd4996cb3dc -> 
  custom:container-muxer-webm: aa71ff27fc2769a1b78a27578f13a17b -> 
  custom:container-demuxer-webm: 4f35f7cbe854078d1ac9338744f61a02 -> 
  custom:video-encoder-webm-vp8: eb34c28f22e8b96e1ab97ce403110664 -> 
  custom:framework-osx-AVFoundation: e770b220cccbd017edd2c1fefb359320 -> 
  custom:audio-encoder-webm-vorbis: bf7c407c2cedff20999df2af8eb42d56 -> 
  custom:container-demuxer-ogg: 62fdf1f143b41e24485cea50d1cbac27 -> 
  custom:video-decoder-webm-vp8: 9c59270c3fd7afecdb556c50c9e8de78 -> 
  custom:audio-decoder-ogg-vorbis: bf7c407c2cedff20999df2af8eb42d56 -> 
========================================================================
Received Import Request.
  Time since last request: 66.277401 seconds.
  path: Assets/Prefabs/Jessica.prefab
  artifactKey: Guid(14d7ed430fd824cb19e20059c03f5e13) Importer(815301076,1909f56bfc062723c751e8b465ee728b)
Start importing Assets/Prefabs/Jessica.prefab using Guid(14d7ed430fd824cb19e20059c03f5e13) Importer(815301076,1909f56bfc062723c751e8b465ee728b)  -> (artifact id: '64d0317ccbcee6b1e502b0851ccf3871') in 1.061637 seconds 
========================================================================
Received Import Request.
  Time since last request: 1.692501 seconds.
  path: Assets/Prefabs/Jessica.prefab
  artifactKey: Guid(14d7ed430fd824cb19e20059c03f5e13) Importer(815301076,1909f56bfc062723c751e8b465ee728b)
Start importing Assets/Prefabs/Jessica.prefab using Guid(14d7ed430fd824cb19e20059c03f5e13) Importer(815301076,1909f56bfc062723c751e8b465ee728b)  -> (artifact id: 'cf1db870797dad352f9ca3d566119290') in 0.088885 seconds 
